<?xml version="1.0" encoding="UTF-8"?>
<!-- Generated by org.testng.reporters.JUnitReportReporter -->
<testsuite hostname="HP-PC" failures="0" tests="6" name="com.aequilibrium.test.LogIn.TestLogIn" time="64.016" errors="0" timestamp="2021-03-26T03:20:06 GMT-07:00" skipped="0">
  <testcase classname="com.aequilibrium.test.LogIn.TestLogIn" name="loginTest" time="9.749"/>
  <system-out/>
  <testcase classname="com.aequilibrium.test.LogIn.TestLogIn" name="loginTest" time="12.478"/>
  <system-out/>
  <testcase classname="com.aequilibrium.test.LogIn.TestLogIn" name="loginTest" time="21.549"/>
  <system-out/>
  <testcase classname="com.aequilibrium.test.LogIn.TestLogIn" name="loginTest" time="6.795"/>
  <system-out/>
  <testcase classname="com.aequilibrium.test.LogIn.TestLogIn" name="loginTest" time="6.738"/>
  <system-out/>
  <testcase classname="com.aequilibrium.test.LogIn.TestLogIn" name="loginTest" time="6.707"/>
  <system-out/>
</testsuite> <!-- com.aequilibrium.test.LogIn.TestLogIn -->
